# JRE version: Java(TM) SE Runtime Environment (8.0_102-b14) (build 1.8.0_102-b14)
# Java VM: Java HotSpot(TM) 64-Bit Server VM (25.102-b14 mixed mode windows-amd64 compressed oops)
Heap:
 PSYoungGen      total 369152K, used 9744K [0x00000000e0000000, 0x00000000f7880000, 0x0000000100000000)
  eden space 352768K, 2% used [0x00000000e0000000,0x00000000e0984340,0x00000000f5880000)
  from space 16384K, 0% used [0x00000000f6880000,0x00000000f6880000,0x00000000f7880000)
  to   space 6144K, 49% used [0x00000000f5880000,0x00000000f5b766b8,0x00000000f5e80000)
 ParOldGen       total 86528K, used 86332K [0x00000000a0000000, 0x00000000a5480000, 0x00000000e0000000)
  object space 86528K, 99% used [0x00000000a0000000,0x00000000a544f0f0,0x00000000a5480000)
 Metaspace       used 71535K, capacity 74904K, committed 75264K, reserved 1114112K
  class space    used 9316K, capacity 9884K, committed 9984K, reserved 1048576K
GC Heap History (10 events):
Event: 1923.902 GC heap before
{Heap before GC invocations=29 (full 8):
 PSYoungGen      total 369664K, used 302330K [0x00000000e0000000, 0x00000000f7a80000, 0x0000000100000000)
  eden space 352768K, 85% used [0x00000000e0000000,0x00000000f273ebf0,0x00000000f5880000)
  from space 16896K, 0% used [0x00000000f6a00000,0x00000000f6a00000,0x00000000f7a80000)
  to   space 17408K, 0% used [0x00000000f5880000,0x00000000f5880000,0x00000000f6980000)
 ParOldGen       total 70656K, used 41898K [0x00000000a0000000, 0x00000000a4500000, 0x00000000e0000000)
  object space 70656K, 59% used [0x00000000a0000000,0x00000000a28ea908,0x00000000a4500000)
 Metaspace       used 66628K, capacity 69882K, committed 70272K, reserved 1110016K
  class space    used 8899K, capacity 9475K, committed 9600K, reserved 1048576K
Event: 1924.019 GC heap after
Heap after GC invocations=29 (full 8):
 PSYoungGen      total 358912K, used 6079K [0x00000000e0000000, 0x00000000f7880000, 0x0000000100000000)
  eden space 352768K, 0% used [0x00000000e0000000,0x00000000e0000000,0x00000000f5880000)
  from space 6144K, 98% used [0x00000000f5880000,0x00000000f5e6fc50,0x00000000f5e80000)
  to   space 16384K, 0% used [0x00000000f6880000,0x00000000f6880000,0x00000000f7880000)
 ParOldGen       total 70656K, used 41906K [0x00000000a0000000, 0x00000000a4500000, 0x00000000e0000000)
  object space 70656K, 59% used [0x00000000a0000000,0x00000000a28ec908,0x00000000a4500000)
 Metaspace       used 66628K, capacity 69882K, committed 70272K, reserved 1110016K
  class space    used 8899K, capacity 9475K, committed 9600K, reserved 1048576K
}
Event: 1924.019 GC heap before
{Heap before GC invocations=30 (full 9):
 PSYoungGen      total 358912K, used 6079K [0x00000000e0000000, 0x00000000f7880000, 0x0000000100000000)
  eden space 352768K, 0% used [0x00000000e0000000,0x00000000e0000000,0x00000000f5880000)
  from space 6144K, 98% used [0x00000000f5880000,0x00000000f5e6fc50,0x00000000f5e80000)
  to   space 16384K, 0% used [0x00000000f6880000,0x00000000f6880000,0x00000000f7880000)
 ParOldGen       total 70656K, used 41906K [0x00000000a0000000, 0x00000000a4500000, 0x00000000e0000000)
  object space 70656K, 59% used [0x00000000a0000000,0x00000000a28ec908,0x00000000a4500000)
 Metaspace       used 66628K, capacity 69882K, committed 70272K, reserved 1110016K
  class space    used 8899K, capacity 9475K, committed 9600K, reserved 1048576K
Event: 1925.286 GC heap after
Heap after GC invocations=30 (full 9):
 PSYoungGen      total 358912K, used 0K [0x00000000e0000000, 0x00000000f7880000, 0x0000000100000000)
  eden space 352768K, 0% used [0x00000000e0000000,0x00000000e0000000,0x00000000f5880000)
  from space 6144K, 0% used [0x00000000f5880000,0x00000000f5880000,0x00000000f5e80000)
  to   space 16384K, 0% used [0x00000000f6880000,0x00000000f6880000,0x00000000f7880000)
 ParOldGen       total 70656K, used 43794K [0x00000000a0000000, 0x00000000a4500000, 0x00000000e0000000)
  object space 70656K, 61% used [0x00000000a0000000,0x00000000a2ac4ad0,0x00000000a4500000)
 Metaspace       used 66628K, capacity 69882K, committed 70272K, reserved 1110016K
  class space    used 8899K, capacity 9475K, committed 9600K, reserved 1048576K
}
Event: 2172.997 GC heap before
{Heap before GC invocations=31 (full 9):
 PSYoungGen      total 358912K, used 352768K [0x00000000e0000000, 0x00000000f7880000, 0x0000000100000000)
  eden space 352768K, 100% used [0x00000000e0000000,0x00000000f5880000,0x00000000f5880000)
  from space 6144K, 0% used [0x00000000f5880000,0x00000000f5880000,0x00000000f5e80000)
  to   space 16384K, 0% used [0x00000000f6880000,0x00000000f6880000,0x00000000f7880000)
 ParOldGen       total 70656K, used 43794K [0x00000000a0000000, 0x00000000a4500000, 0x00000000e0000000)
  object space 70656K, 61% used [0x00000000a0000000,0x00000000a2ac4ad0,0x00000000a4500000)
 Metaspace       used 70872K, capacity 74232K, committed 74752K, reserved 1114112K
  class space    used 9274K, capacity 9852K, committed 9984K, reserved 1048576K
Event: 2173.163 GC heap after
Heap after GC invocations=31 (full 9):
 PSYoungGen      total 369152K, used 16370K [0x00000000e0000000, 0x00000000f7880000, 0x0000000100000000)
  eden space 352768K, 0% used [0x00000000e0000000,0x00000000e0000000,0x00000000f5880000)
  from space 16384K, 99% used [0x00000000f6880000,0x00000000f787c8a0,0x00000000f7880000)
  to   space 6144K, 0% used [0x00000000f5880000,0x00000000f5880000,0x00000000f5e80000)
 ParOldGen       total 70656K, used 54404K [0x00000000a0000000, 0x00000000a4500000, 0x00000000e0000000)
  object space 70656K, 76% used [0x00000000a0000000,0x00000000a3521110,0x00000000a4500000)
 Metaspace       used 70872K, capacity 74232K, committed 74752K, reserved 1114112K
  class space    used 9274K, capacity 9852K, committed 9984K, reserved 1048576K
}
Event: 2183.835 GC heap before
{Heap before GC invocations=32 (full 9):
 PSYoungGen      total 369152K, used 369138K [0x00000000e0000000, 0x00000000f7880000, 0x0000000100000000)
  eden space 352768K, 100% used [0x00000000e0000000,0x00000000f5880000,0x00000000f5880000)
  from space 16384K, 99% used [0x00000000f6880000,0x00000000f787c8a0,0x00000000f7880000)
  to   space 6144K, 0% used [0x00000000f5880000,0x00000000f5880000,0x00000000f5e80000)
 ParOldGen       total 70656K, used 54404K [0x00000000a0000000, 0x00000000a4500000, 0x00000000e0000000)
  object space 70656K, 76% used [0x00000000a0000000,0x00000000a3521110,0x00000000a4500000)
 Metaspace       used 71533K, capacity 74904K, committed 75264K, reserved 1114112K
  class space    used 9316K, capacity 9884K, committed 9984K, reserved 1048576K
Event: 2184.603 GC heap after
Heap after GC invocations=32 (full 9):
 PSYoungGen      total 369152K, used 369138K [0x00000000e0000000, 0x00000000f7880000, 0x0000000100000000)
  eden space 352768K, 100% used [0x00000000e0000000,0x00000000f5880000,0x00000000f5880000)
  from space 16384K, 99% used [0x00000000f6880000,0x00000000f787c8a0,0x00000000f7880000)
  to   space 6144K, 99% used [0x00000000f5880000,0x00000000f5e7c770,0x00000000f5e80000)
 ParOldGen       total 86528K, used 86522K [0x00000000a0000000, 0x00000000a5480000, 0x00000000e0000000)
  object space 86528K, 99% used [0x00000000a0000000,0x00000000a547ea28,0x00000000a5480000)
 Metaspace       used 71533K, capacity 74904K, committed 75264K, reserved 1114112K
  class space    used 9316K, capacity 9884K, committed 9984K, reserved 1048576K
}
Event: 2184.604 GC heap before
{Heap before GC invocations=33 (full 10):
 PSYoungGen      total 369152K, used 369138K [0x00000000e0000000, 0x00000000f7880000, 0x0000000100000000)
  eden space 352768K, 100% used [0x00000000e0000000,0x00000000f5880000,0x00000000f5880000)
  from space 16384K, 99% used [0x00000000f6880000,0x00000000f787c8a0,0x00000000f7880000)
  to   space 6144K, 99% used [0x00000000f5880000,0x00000000f5e7c770,0x00000000f5e80000)
 ParOldGen       total 86528K, used 86522K [0x00000000a0000000, 0x00000000a5480000, 0x00000000e0000000)
  object space 86528K, 99% used [0x00000000a0000000,0x00000000a547ea28,0x00000000a5480000)
 Metaspace       used 71533K, capacity 74904K, committed 75264K, reserved 1114112K
  class space    used 9316K, capacity 9884K, committed 9984K, reserved 1048576K
Event: 2186.758 GC heap after
Heap after GC invocations=33 (full 10):
 PSYoungGen      total 369152K, used 0K [0x00000000e0000000, 0x00000000f7880000, 0x0000000100000000)
  eden space 352768K, 0% used [0x00000000e0000000,0x00000000e0000000,0x00000000f5880000)
  from space 16384K, 0% used [0x00000000f6880000,0x00000000f6880000,0x00000000f7880000)
  to   space 6144K, 49% used [0x00000000f5880000,0x00000000f5b766b8,0x00000000f5e80000)
 ParOldGen       total 86528K, used 86332K [0x00000000a0000000, 0x00000000a5480000, 0x00000000e0000000)
  object space 86528K, 99% used [0x00000000a0000000,0x00000000a544f0f0,0x00000000a5480000)
 Metaspace       used 71533K, capacity 74904K, committed 75264K, reserved 1114112K
  class space    used 9316K, capacity 9884K, committed 9984K, reserved 1048576K
}

